
                         MODELLER 10.4, 2022/10/28, r12463

     PROTEIN STRUCTURE MODELLING BY SATISFACTION OF SPATIAL RESTRAINTS


                     Copyright(c) 1989-2022 Andrej Sali
                            All Rights Reserved

                             Written by A. Sali
                               with help from
              B. Webb, M.S. Madhusudhan, M-Y. Shen, G.Q. Dong,
          M.A. Marti-Renom, N. Eswar, F. Alber, M. Topf, B. Oliva,
             A. Fiser, R. Sanchez, B. Yerkovich, A. Badretdinov,
                     F. Melo, J.P. Overington, E. Feyfant
                 University of California, San Francisco, USA
                    Rockefeller University, New York, USA
                      Harvard University, Cambridge, USA
                   Imperial Cancer Research Fund, London, UK
              Birkbeck College, University of London, London, UK


Kind, OS, HostName, Kernel, Processor: 4, Darwin Aryans-MacBook-Pro.local 22.4.0 arm64
Date and time of compilation         : 2022/10/28 13:23:21
MODELLER executable type             : mac12arm64-gnu
Job starting time (YY/MM/DD HH:MM:SS): 2023/05/06 21:07:10

openf___224_> Open           $(LIB)/restyp.lib
openf___224_> Open           ${MODINSTALL10v4}/modlib/resgrp.lib
rdresgr_266_> Number of residue groups:        2
openf___224_> Open           ${MODINSTALL10v4}/modlib/sstruc.lib

Dynamically allocated memory at   amaxlibraries [B,KiB,MiB]:       191566     187.076     0.183

Dynamically allocated memory at   amaxlibraries [B,KiB,MiB]:       192094     187.592     0.183
openf___224_> Open           ${MODINSTALL10v4}/modlib/resdih.lib

Dynamically allocated memory at   amaxlibraries [B,KiB,MiB]:       240694     235.053     0.230
rdrdih__263_> Number of dihedral angle types         :        9
              Maximal number of dihedral angle optima:        3
              Dihedral angle names                   :  Alph Phi Psi Omeg chi1 chi2 chi3 chi4 chi5
openf___224_> Open           ${MODINSTALL10v4}/modlib/radii.lib

Dynamically allocated memory at   amaxlibraries [B,KiB,MiB]:       253994     248.041     0.242
openf___224_> Open           ${MODINSTALL10v4}/modlib/af_mnchdef.lib
rdwilmo_274_> Mainchain residue conformation classes:  APBLE
openf___224_> Open           ${MODINSTALL10v4}/modlib/mnch.lib
rdclass_257_> Number of classes:        5
openf___224_> Open           ${MODINSTALL10v4}/modlib/mnch1.lib
openf___224_> Open           ${MODINSTALL10v4}/modlib/mnch2.lib
openf___224_> Open           ${MODINSTALL10v4}/modlib/mnch3.lib
openf___224_> Open           ${MODINSTALL10v4}/modlib/xs4.mat
rdrrwgh_268_> Number of residue types:       21
openf___224_> Open           $(LIB)/top_heav.lib
read_to_681_> topology.submodel read from topology file:        3
openf___224_> Open           $(LIB)/par.lib

Dynamically allocated memory at  amaxparameters [B,KiB,MiB]:       393438     384.217     0.375

Dynamically allocated memory at  amaxparameters [B,KiB,MiB]:       395038     385.779     0.377

Dynamically allocated memory at  amaxparameters [B,KiB,MiB]:       399018     389.666     0.381

Dynamically allocated memory at  amaxparameters [B,KiB,MiB]:       401018     391.619     0.382

Dynamically allocated memory at  amaxparameters [B,KiB,MiB]:       404018     394.549     0.385

Dynamically allocated memory at  amaxparameters [B,KiB,MiB]:       408518     398.943     0.390

Dynamically allocated memory at  amaxparameters [B,KiB,MiB]:       414090     404.385     0.395

Dynamically allocated memory at  amaxparameters [B,KiB,MiB]:       416890     407.119     0.398

Dynamically allocated memory at  amaxparameters [B,KiB,MiB]:       421090     411.221     0.402

Dynamically allocated memory at  amaxparameters [B,KiB,MiB]:       427390     417.373     0.408

Dynamically allocated memory at  amaxparameters [B,KiB,MiB]:       430162     420.080     0.410

Dynamically allocated memory at  amaxparameters [B,KiB,MiB]:       431562     421.447     0.412
read_pa_232_> parameters    BONDS   ANGLS  DIHEDS IMPROPS    MODE
                              227     561     661     112       0
openf___224_> Open           1YES.B99990004.pdb

Dynamically allocated memory at amaxcoordinates [B,KiB,MiB]:       442599     432.226     0.422

Dynamically allocated memory at    amaxsequence [B,KiB,MiB]:       442675     432.300     0.422

Dynamically allocated memory at amaxcoordinates [B,KiB,MiB]:       442846     432.467     0.422

Dynamically allocated memory at amaxcoordinates [B,KiB,MiB]:       443696     433.297     0.423

Dynamically allocated memory at amaxcoordinates [B,KiB,MiB]:       444954     434.525     0.424

Dynamically allocated memory at amaxcoordinates [B,KiB,MiB]:       446858     436.385     0.426

Dynamically allocated memory at amaxcoordinates [B,KiB,MiB]:       449714     439.174     0.429

Dynamically allocated memory at    amaxsequence [B,KiB,MiB]:       449754     439.213     0.429

Dynamically allocated memory at amaxcoordinates [B,KiB,MiB]:       449844     439.301     0.429

Dynamically allocated memory at amaxcoordinates [B,KiB,MiB]:       454128     443.484     0.433

Dynamically allocated memory at    amaxsequence [B,KiB,MiB]:       454188     443.543     0.433

Dynamically allocated memory at amaxcoordinates [B,KiB,MiB]:       454323     443.675     0.433

Dynamically allocated memory at amaxcoordinates [B,KiB,MiB]:       460749     449.950     0.439

Dynamically allocated memory at    amaxsequence [B,KiB,MiB]:       460837     450.036     0.439

Dynamically allocated memory at amaxcoordinates [B,KiB,MiB]:       461035     450.229     0.440

Dynamically allocated memory at    amaxsequence [B,KiB,MiB]:       461167     450.358     0.440

Dynamically allocated memory at amaxcoordinates [B,KiB,MiB]:       461464     450.648     0.440

Dynamically allocated memory at amaxcoordinates [B,KiB,MiB]:       471086     460.045     0.449

Dynamically allocated memory at    amaxsequence [B,KiB,MiB]:       471286     460.240     0.449

Dynamically allocated memory at amaxcoordinates [B,KiB,MiB]:       471736     460.680     0.450

Dynamically allocated memory at amaxcoordinates [B,KiB,MiB]:       486186     474.791     0.464

Dynamically allocated memory at    amaxsequence [B,KiB,MiB]:       486486     475.084     0.464

Dynamically allocated memory at amaxcoordinates [B,KiB,MiB]:       487161     475.743     0.465

Dynamically allocated memory at amaxcoordinates [B,KiB,MiB]:       508819     496.894     0.485

Dynamically allocated memory at    amaxsequence [B,KiB,MiB]:       509267     497.331     0.486

Dynamically allocated memory at amaxcoordinates [B,KiB,MiB]:       510275     498.315     0.487

Dynamically allocated memory at amaxcoordinates [B,KiB,MiB]:       542779     530.058     0.518

Dynamically allocated memory at    amaxsequence [B,KiB,MiB]:       543451     530.714     0.518

Dynamically allocated memory at amaxcoordinates [B,KiB,MiB]:       544963     532.190     0.520

Dynamically allocated memory at amaxcoordinates [B,KiB,MiB]:       593719     579.804     0.566

Dynamically allocated memory at    amaxsequence [B,KiB,MiB]:       594727     580.788     0.567

Dynamically allocated memory at amaxcoordinates [B,KiB,MiB]:       596995     583.003     0.569

Dynamically allocated memory at amaxcoordinates [B,KiB,MiB]:       670129     654.423     0.639

Dynamically allocated memory at    amaxsequence [B,KiB,MiB]:       671641     655.899     0.641

Dynamically allocated memory at amaxcoordinates [B,KiB,MiB]:       675043     659.222     0.644

Dynamically allocated memory at amaxcoordinates [B,KiB,MiB]:       784727     766.335     0.748

Dynamically allocated memory at    amaxsequence [B,KiB,MiB]:       786995     768.550     0.751

Dynamically allocated memory at amaxcoordinates [B,KiB,MiB]:       792098     773.533     0.755

Dynamically allocated memory at amaxcoordinates [B,KiB,MiB]:       956624     934.203     0.912

Dynamically allocated memory at    amaxsequence [B,KiB,MiB]:       960028     937.527     0.916

Dynamically allocated memory at amaxcoordinates [B,KiB,MiB]:       967687     945.007     0.923

Dynamically allocated memory at amaxcoordinates [B,KiB,MiB]:      1214493    1186.028     1.158

Dynamically allocated memory at       amaxmodel [B,KiB,MiB]:      2975645    2905.903     2.838
read_mo_297_> Segments, residues, atoms:        1     2261    17898
read_mo_298_> Segment:        1  1:A  2261:A    17898

Dynamically allocated memory at   amaxalignment [B,KiB,MiB]:      3042166    2970.865     2.901

Dynamically allocated memory at   amaxstructure [B,KiB,MiB]:      4358403    4256.253     4.156

Dynamically allocated memory at   amaxalignment [B,KiB,MiB]:      4379320    4276.680     4.176

Dynamically allocated memory at   amaxstructure [B,KiB,MiB]:      5695557    5562.067     5.432

Dynamically allocated memory at       amaxmodel [B,KiB,MiB]:      5964549    5824.755     5.688

mkilst______> segment topology constructed from sequence and RTF:
              segments residues  atoms  bonds angles dihedrals impropers:
                     1     2261  17897  18308      0         0      7658

Dynamically allocated memory at       amaxmodel [B,KiB,MiB]:      6732993    6575.188     6.421

patch_______> segment topology patched using RTF:  1 ;  MET  ;  NTER
              segments residues  atoms  bonds angles dihedrals impropers:
                     1     2261  17897  18308  24822     29413      7658


Dynamically allocated memory at       amaxmodel [B,KiB,MiB]:      7553169    7376.142     7.203
patch_______> segment topology patched using RTF:  2261 ;  VAL  ;  CTER
              segments residues  atoms  bonds angles dihedrals impropers:
                     1     2261  17898  18309  24824     29415      7659

genseg______> segment topology constructed from sequence and RTF:
              segments residues  atoms  bonds angles dihedrals impropers:
                     1     2261  17898  18309  24824     29415      7659
transfe_506_> MODEL is an average of all templates.
transfe_511_> Number of templates for coordinate transfer:        1
              After transferring coordinates of the equivalent template atoms,
              there are defined, undefined atoms in MODEL:    17898        0
openf___224_> Open           ${LIB}/atmcls-mf.lib

Dynamically allocated memory at amaxgroup_restr [B,KiB,MiB]:      4833685    4720.396     4.610

Dynamically allocated memory at amaxgroup_restr [B,KiB,MiB]:      4833749    4720.458     4.610

Dynamically allocated memory at amaxgroup_restr [B,KiB,MiB]:      4833807    4720.515     4.610

Dynamically allocated memory at amaxgroup_restr [B,KiB,MiB]:      4833871    4720.577     4.610

Dynamically allocated memory at amaxgroup_restr [B,KiB,MiB]:      4833937    4720.642     4.610

Dynamically allocated memory at amaxgroup_restr [B,KiB,MiB]:      4834001    4720.704     4.610

Dynamically allocated memory at amaxgroup_restr [B,KiB,MiB]:      4834157    4720.856     4.610

Dynamically allocated memory at amaxgroup_restr [B,KiB,MiB]:      4834285    4720.981     4.610

Dynamically allocated memory at amaxgroup_restr [B,KiB,MiB]:      4834579    4721.269     4.611

Dynamically allocated memory at amaxgroup_restr [B,KiB,MiB]:      4834771    4721.456     4.611

Dynamically allocated memory at amaxgroup_restr [B,KiB,MiB]:      4835275    4721.948     4.611

Dynamically allocated memory at amaxgroup_restr [B,KiB,MiB]:      4835531    4722.198     4.612

Dynamically allocated memory at amaxgroup_restr [B,KiB,MiB]:      4836527    4723.171     4.612

Dynamically allocated memory at amaxgroup_restr [B,KiB,MiB]:      4836911    4723.546     4.613

Dynamically allocated memory at amaxgroup_restr [B,KiB,MiB]:      4837487    4724.108     4.613

Dynamically allocated memory at amaxgroup_restr [B,KiB,MiB]:      4839521    4726.095     4.615

Dynamically allocated memory at amaxgroup_restr [B,KiB,MiB]:      4840417    4726.970     4.616

Dynamically allocated memory at amaxgroup_restr [B,KiB,MiB]:      4844869    4731.317     4.620

Dynamically allocated memory at amaxgroup_restr [B,KiB,MiB]:      4846213    4732.630     4.622

Dynamically allocated memory at amaxgroup_restr [B,KiB,MiB]:      4855831    4742.022     4.631

Dynamically allocated memory at amaxgroup_restr [B,KiB,MiB]:      4857815    4743.960     4.633

Dynamically allocated memory at amaxgroup_restr [B,KiB,MiB]:      4878461    4764.122     4.652

Dynamically allocated memory at amaxgroup_restr [B,KiB,MiB]:      4881469    4767.060     4.655

Dynamically allocated memory at amaxgroup_restr [B,KiB,MiB]:      4927435    4811.948     4.699

Dynamically allocated memory at amaxgroup_restr [B,KiB,MiB]:      4931915    4816.323     4.703

Dynamically allocated memory at amaxgroup_restr [B,KiB,MiB]:      5033135    4915.171     4.800
openf___224_> Open           ${LIB}/dist-mf.lib

Dynamically allocated memory at amaxgroup_restr [B,KiB,MiB]:      5033531    4915.558     4.800

Dynamically allocated memory at amaxgroup_restr [B,KiB,MiB]:      5034327    4916.335     4.801

Dynamically allocated memory at amaxgroup_restr [B,KiB,MiB]:      5035123    4917.112     4.802

Dynamically allocated memory at amaxgroup_restr [B,KiB,MiB]:      5036311    4918.272     4.803

Dynamically allocated memory at amaxgroup_restr [B,KiB,MiB]:      5036711    4918.663     4.803

Dynamically allocated memory at amaxgroup_restr [B,KiB,MiB]:      5037311    4919.249     4.804

Dynamically allocated memory at amaxgroup_restr [B,KiB,MiB]:      5038211    4920.128     4.805

Dynamically allocated memory at amaxgroup_restr [B,KiB,MiB]:      5039559    4921.444     4.806

Dynamically allocated memory at amaxgroup_restr [B,KiB,MiB]:      5039759    4921.640     4.806

Dynamically allocated memory at amaxgroup_restr [B,KiB,MiB]:      5041783    4923.616     4.808

Dynamically allocated memory at amaxgroup_restr [B,KiB,MiB]:      5042083    4923.909     4.809

Dynamically allocated memory at amaxgroup_restr [B,KiB,MiB]:      5045119    4926.874     4.811

Dynamically allocated memory at amaxgroup_restr [B,KiB,MiB]:      5045567    4927.312     4.812

Dynamically allocated memory at amaxgroup_restr [B,KiB,MiB]:      5050119    4931.757     4.816

Dynamically allocated memory at amaxgroup_restr [B,KiB,MiB]:      5050791    4932.413     4.817

Dynamically allocated memory at amaxgroup_restr [B,KiB,MiB]:      5057619    4939.081     4.823

Dynamically allocated memory at amaxgroup_restr [B,KiB,MiB]:      5058627    4940.065     4.824

Dynamically allocated memory at amaxgroup_restr [B,KiB,MiB]:      5068871    4950.069     4.834

Dynamically allocated memory at amaxgroup_restr [B,KiB,MiB]:      5069471    4950.655     4.835

Dynamically allocated memory at amaxgroup_restr [B,KiB,MiB]:      5069871    4951.046     4.835

Dynamically allocated memory at amaxgroup_restr [B,KiB,MiB]:      5071383    4952.522     4.836

Dynamically allocated memory at amaxgroup_restr [B,KiB,MiB]:      5086747    4967.526     4.851

Dynamically allocated memory at amaxgroup_restr [B,KiB,MiB]:      5087647    4968.405     4.852

Dynamically allocated memory at amaxgroup_restr [B,KiB,MiB]:      5088247    4968.991     4.853

Dynamically allocated memory at amaxgroup_restr [B,KiB,MiB]:      5090515    4971.206     4.855

Dynamically allocated memory at amaxgroup_restr [B,KiB,MiB]:      5113563    4993.714     4.877

Dynamically allocated memory at amaxgroup_restr [B,KiB,MiB]:      5114907    4995.026     4.878

Dynamically allocated memory at amaxgroup_restr [B,KiB,MiB]:      5115807    4995.905     4.879

Dynamically allocated memory at amaxgroup_restr [B,KiB,MiB]:      5119211    4999.229     4.882

Dynamically allocated memory at amaxgroup_restr [B,KiB,MiB]:      5153783    5032.991     4.915

Dynamically allocated memory at amaxgroup_restr [B,KiB,MiB]:      5155799    5034.960     4.917

Dynamically allocated memory at amaxgroup_restr [B,KiB,MiB]:      5157147    5036.276     4.918

Dynamically allocated memory at amaxgroup_restr [B,KiB,MiB]:      5162251    5041.261     4.923

Dynamically allocated memory at amaxgroup_restr [B,KiB,MiB]:      5214107    5091.901     4.973

Dynamically allocated memory at amaxgroup_restr [B,KiB,MiB]:      5217131    5094.854     4.975

Dynamically allocated memory at amaxgroup_restr [B,KiB,MiB]:      5219155    5096.831     4.977

Dynamically allocated memory at amaxgroup_restr [B,KiB,MiB]:      5226811    5104.308     4.985

Dynamically allocated memory at amaxgroup_restr [B,KiB,MiB]:      5304595    5180.269     5.059

Dynamically allocated memory at amaxgroup_restr [B,KiB,MiB]:      5309131    5184.698     5.063

Dynamically allocated memory at amaxgroup_restr [B,KiB,MiB]:      5312167    5187.663     5.066

Dynamically allocated memory at amaxgroup_restr [B,KiB,MiB]:      5323651    5198.878     5.077

Dynamically allocated memory at amaxgroup_restr [B,KiB,MiB]:      5440327    5312.819     5.188

Dynamically allocated memory at amaxgroup_restr [B,KiB,MiB]:      5447131    5319.464     5.195

Dynamically allocated memory at amaxgroup_restr [B,KiB,MiB]:      5451683    5323.909     5.199

Dynamically allocated memory at amaxgroup_restr [B,KiB,MiB]:      5468911    5340.733     5.216

Dynamically allocated memory at amaxgroup_restr [B,KiB,MiB]:      5643927    5511.647     5.382

Dynamically allocated memory at amaxgroup_restr [B,KiB,MiB]:      5654139    5521.620     5.392

Dynamically allocated memory at amaxgroup_restr [B,KiB,MiB]:      5660967    5528.288     5.399

Dynamically allocated memory at amaxgroup_restr [B,KiB,MiB]:      5686807    5553.522     5.423

Dynamically allocated memory at amaxgroup_restr [B,KiB,MiB]:      5949331    5809.894     5.674

Dynamically allocated memory at amaxgroup_restr [B,KiB,MiB]:      5964643    5824.847     5.688

Dynamically allocated memory at amaxgroup_restr [B,KiB,MiB]:      5974887    5834.851     5.698

Dynamically allocated memory at amaxgroup_restr [B,KiB,MiB]:      6013647    5872.702     5.735

Dynamically allocated memory at amaxgroup_restr [B,KiB,MiB]:      6407431    6257.257     6.111

Dynamically allocated memory at amaxgroup_restr [B,KiB,MiB]:      6430399    6279.687     6.133

Dynamically allocated memory at amaxgroup_restr [B,KiB,MiB]:      6445763    6294.690     6.147

Dynamically allocated memory at amaxgroup_restr [B,KiB,MiB]:      6503903    6351.468     6.203

Dynamically allocated memory at amaxgroup_restr [B,KiB,MiB]:      7094579    6928.300     6.766

Dynamically allocated memory at amaxgroup_restr [B,KiB,MiB]:      7129031    6961.944     6.799

Dynamically allocated memory at amaxgroup_restr [B,KiB,MiB]:      7152079    6984.452     6.821

Dynamically allocated memory at amaxgroup_restr [B,KiB,MiB]:      7239291    7069.620     6.904

Dynamically allocated memory at amaxgroup_restr [B,KiB,MiB]:      8125307    7934.870     7.749

Dynamically allocated memory at amaxgroup_restr [B,KiB,MiB]:      8176991    7985.343     7.798

Dynamically allocated memory at amaxgroup_restr [B,KiB,MiB]:      8211563    8019.104     7.831

Dynamically allocated memory at amaxgroup_restr [B,KiB,MiB]:      8342379    8146.854     7.956

Dynamically allocated memory at amaxgroup_restr [B,KiB,MiB]:      9671403    9444.729     9.223
read_pa_232_> parameters    BONDS   ANGLS  DIHEDS IMPROPS    MODE
                                0       0       0       0   12561
>> Model assessment by DOPE potential
iatmcls_286W> MODEL atom not classified:  VAL:OXT  VAL
preppdf_453W> No fixed restraints selected; there may be some dynamic ones.
preppdf_454W> Restraints file was probably not read; use restraints.append().

Dynamically allocated memory at amaxhash_contac [B,KiB,MiB]:     14826151   14478.663    14.139

Dynamically allocated memory at  amaxrestraints [B,KiB,MiB]:     15548307   15183.894    14.828

Dynamically allocated memory at  amaxrestraints [B,KiB,MiB]:     15977859   15603.378    15.238

Dynamically allocated memory at  amaxrestraints [B,KiB,MiB]:     16836963   16442.348    16.057

Dynamically allocated memory at  amaxrestraints [B,KiB,MiB]:     18555171   18120.285    17.696

Dynamically allocated memory at  amaxrestraints [B,KiB,MiB]:     21991587   21476.160    20.973

Dynamically allocated memory at  amaxrestraints [B,KiB,MiB]:     28864419   28187.910    27.527

Dynamically allocated memory at  amaxrestraints [B,KiB,MiB]:     42610083   41611.410    40.636

Dynamically allocated memory at  amaxrestraints [B,KiB,MiB]:     70101411   68458.406    66.854


>> ENERGY; Differences between the model's features and restraints:
Number of all residues in MODEL                   :     2261
Number of all, selected real atoms                :    17898   17898
Number of all, selected pseudo atoms              :        0       0
Number of all static, selected restraints         :        0       0
COVALENT_CYS                                      :        F
NONBONDED_SEL_ATOMS                               :        1
Number of non-bonded pairs (excluding 1-2,1-3,1-4):  4017246
Dynamic pairs routine                             : 1, NATM x NATM double loop
Atomic shift for contacts update (UPDATE_DYNAMIC) :    0.390
LENNARD_JONES_SWITCH                              :    6.500   7.500
COULOMB_JONES_SWITCH                              :    6.500   7.500
RESIDUE_SPAN_RANGE                                :        1    9999
NLOGN_USE                                         :       15
CONTACT_SHELL                                     :   15.000
DYNAMIC_PAIRS,_SPHERE,_COULOMB,_LENNARD,_MODELLER :        T       F       F       F       T
SPHERE_STDV                                       :    0.050
RADII_FACTOR                                      :    0.820
Current energy                                    :     -221081.2500





Summary of the restraint violations: 

   NUM     ... number of restraints.
   NUMVI   ... number of restraints with RVIOL > VIOL_REPORT_CUT[i].
   RVIOL   ... relative difference from the best value.
   NUMVP   ... number of restraints with -Ln(pdf) > VIOL_REPORT_CUT2[i].
   RMS_1   ... RMS(feature, minimally_violated_basis_restraint, NUMB).
   RMS_2   ... RMS(feature, best_value, NUMB).
   MOL.PDF ... scaled contribution to -Ln(Molecular pdf).

 #                     RESTRAINT_GROUP      NUM   NUMVI  NUMVP   RMS_1   RMS_2         MOL.PDF     S_i
------------------------------------------------------------------------------------------------------
 1 Bond length potential              :       0       0      0   0.000   0.000      0.0000       0.000
 2 Bond angle potential               :       0       0      0   0.000   0.000      0.0000       0.000
 3 Stereochemical cosine torsion poten:       0       0      0   0.000   0.000      0.0000       0.000
 4 Stereochemical improper torsion pot:       0       0      0   0.000   0.000      0.0000       0.000
 5 Soft-sphere overlap restraints     :       0       0      0   0.000   0.000      0.0000       0.000
 6 Lennard-Jones 6-12 potential       :       0       0      0   0.000   0.000      0.0000       0.000
 7 Coulomb point-point electrostatic p:       0       0      0   0.000   0.000      0.0000       0.000
 8 H-bonding potential                :       0       0      0   0.000   0.000      0.0000       0.000
 9 Distance restraints 1 (CA-CA)      :       0       0      0   0.000   0.000      0.0000       0.000
10 Distance restraints 2 (N-O)        :       0       0      0   0.000   0.000      0.0000       0.000
11 Mainchain Phi dihedral restraints  :       0       0      0   0.000   0.000      0.0000       0.000
12 Mainchain Psi dihedral restraints  :       0       0      0   0.000   0.000      0.0000       0.000
13 Mainchain Omega dihedral restraints:       0       0      0   0.000   0.000      0.0000       0.000
14 Sidechain Chi_1 dihedral restraints:       0       0      0   0.000   0.000      0.0000       0.000
15 Sidechain Chi_2 dihedral restraints:       0       0      0   0.000   0.000      0.0000       0.000
16 Sidechain Chi_3 dihedral restraints:       0       0      0   0.000   0.000      0.0000       0.000
17 Sidechain Chi_4 dihedral restraints:       0       0      0   0.000   0.000      0.0000       0.000
18 Disulfide distance restraints      :       0       0      0   0.000   0.000      0.0000       0.000
19 Disulfide angle restraints         :       0       0      0   0.000   0.000      0.0000       0.000
20 Disulfide dihedral angle restraints:       0       0      0   0.000   0.000      0.0000       0.000
21 Lower bound distance restraints    :       0       0      0   0.000   0.000      0.0000       0.000
22 Upper bound distance restraints    :       0       0      0   0.000   0.000      0.0000       0.000
23 Distance restraints 3 (SDCH-MNCH)  :       0       0      0   0.000   0.000      0.0000       0.000
24 Sidechain Chi_5 dihedral restraints:       0       0      0   0.000   0.000      0.0000       0.000
25 Phi/Psi pair of dihedral restraints:       0       0      0   0.000   0.000      0.0000       0.000
26 Distance restraints 4 (SDCH-SDCH)  :       0       0      0   0.000   0.000      0.0000       0.000
27 Distance restraints 5 (X-Y)        :       0       0      0   0.000   0.000      0.0000       0.000
28 NMR distance restraints 6 (X-Y)    :       0       0      0   0.000   0.000      0.0000       0.000
29 NMR distance restraints 7 (X-Y)    :       0       0      0   0.000   0.000      0.0000       0.000
30 Minimal distance restraints        :       0       0      0   0.000   0.000      0.0000       0.000
31 Non-bonded restraints              : 4017212       0   8122   6.901   6.901    -0.22108E+06   1.000
32 Atomic accessibility restraints    :       0       0      0   0.000   0.000      0.0000       0.000
33 Atomic density restraints          :       0       0      0   0.000   0.000      0.0000       0.000
34 Absolute position restraints       :       0       0      0   0.000   0.000      0.0000       0.000
35 Dihedral angle difference restraint:       0       0      0   0.000   0.000      0.0000       0.000
36 GBSA implicit solvent potential    :       0       0      0   0.000   0.000      0.0000       0.000
37 EM density fitting potential       :       0       0      0   0.000   0.000      0.0000       0.000
38 SAXS restraints                    :       0       0      0   0.000   0.000      0.0000       0.000
39 Symmetry restraints                :       0       0      0   0.000   0.000      0.0000       0.000
do_prof_492W> Are you sure you want to calculate a normalized energy profile!



openf___224_> Open           Template.profile
# Energy of each residue is written to: Template.profile
# The profile IS normalized by the number of restraints.
# The profiles are smoothed over a window of residues:   13
# The sum of all numbers in the file:     -64.5957

<< end of ENERGY.
DOPE score               : -221081.250000

Dynamically allocated memory at          finish [B,KiB,MiB]:     69808639   68172.500    66.575
Starting time                                            : 2023/05/06 21:07:10
Closing time                                             : 2023/05/06 21:07:17
Total CPU time [seconds]                                 :       7.82
